13:03:03.104 INFO [GridLauncherV3.parse] - Selenium server version: 3.141.59, revision: e82be7d358
13:03:03.178 INFO [GridLauncherV3.lambda$buildLaunchers$3] - Launching a standalone Selenium Server on port 4444
2019-08-08 13:03:03.241:INFO::main: Logging initialized @462ms to org.seleniumhq.jetty9.util.log.StdErrLog
13:03:03.497 INFO [WebDriverServlet.<init>] - Initialising WebDriverServlet
13:03:03.664 INFO [SeleniumServer.boot] - Selenium Server is up and running on port 4444
13:03:04.025 INFO [ActiveSessionFactory.apply] - Capabilities are: {
  "acceptSslCerts": true,
  "browserName": "chrome",
  "chromeOptions": {
    "w3c": false,
    "args": [
    ]
  },
  "name": "Test1"
}
13:03:04.044 INFO [ActiveSessionFactory.lambda$apply$11] - Matched factory org.openqa.selenium.grid.session.remote.ServicedSession$Factory (provider: org.openqa.selenium.chrome.ChromeDriverService)
Starting ChromeDriver 76.0.3809.68 (420c9498db8ce8fcd190a954d51297672c1515d5-refs/branch-heads/3809@{#864}) on port 34613
Only local connections are allowed.
Please protect ports used by ChromeDriver and related test frameworks to prevent access by malicious code.
13:03:08.899 INFO [ProtocolHandshake.createSession] - Detected dialect: OSS
13:03:09.167 INFO [RemoteSession$Factory.lambda$performHandshake$0] - Started new session 884ae620053c8e3697034ae658c2e869 (org.openqa.selenium.chrome.ChromeDriverService)
13:03:26.949 INFO [ActiveSessions$1.onStop] - Removing session 884ae620053c8e3697034ae658c2e869 (org.openqa.selenium.chrome.ChromeDriverService)
